[
  {
    "EventTime": "2023-01-15T08:23:45.123Z",
    "EventID": 4688,
    "Computer": "WORKSTATION01.example.com",
    "SubjectUserSid": "S-1-5-21-1234567890-1234567890-1234567890-1001",
    "SubjectUserName": "jsmith",
    "SubjectDomainName": "EXAMPLE",
    "SubjectLogonId": "0x123456",
    "NewProcessId": "0x7654",
    "NewProcessName": "C:\\Users\\jsmith\\Downloads\\suspicious.exe",
    "TokenElevationType": "%%1936",
    "ProcessId": "0x1234",
    "CommandLine": "C:\\Users\\jsmith\\Downloads\\suspicious.exe -s -h",
    "ParentProcessName": "C:\\Windows\\explorer.exe",
    "TargetUserSid": "S-1-5-21-1234567890-1234567890-1234567890-1001",
    "TargetUserName": "jsmith",
    "TargetDomainName": "EXAMPLE",
    "TargetLogonId": "0x123456"
  },
  {
    "EventTime": "2023-01-15T08:24:12.456Z",
    "EventID": 4688,
    "Computer": "WORKSTATION01.example.com",
    "SubjectUserSid": "S-1-5-21-1234567890-1234567890-1234567890-1001",
    "SubjectUserName": "jsmith",
    "SubjectDomainName": "EXAMPLE",
    "SubjectLogonId": "0x123456",
    "NewProcessId": "0x7655",
    "NewProcessName": "C:\\Users\\jsmith\\AppData\\Local\\Temp\\malware.exe",
    "TokenElevationType": "%%1936",
    "ProcessId": "0x7654",
    "CommandLine": "C:\\Users\\jsmith\\AppData\\Local\\Temp\\malware.exe -i -c",
    "ParentProcessName": "C:\\Users\\jsmith\\Downloads\\suspicious.exe",
    "TargetUserSid": "S-1-5-21-1234567890-1234567890-1234567890-1001",
    "TargetUserName": "jsmith",
    "TargetDomainName": "EXAMPLE",
    "TargetLogonId": "0x123456"
  },
  {
    "EventTime": "2023-01-15T08:24:30.789Z",
    "EventID": 4104,
    "Computer": "WORKSTATION01.example.com",
    "ScriptBlockText": "Invoke-Mimikatz -DumpCreds",
    "ScriptBlockId": "b33f4a5b-1c2d-3e4f-5a6b-7c8d9e0f1a2b",
    "Path": null,
    "UserID": "EXAMPLE\\jsmith"
  },
  {
    "EventTime": "2023-01-15T08:25:15.012Z",
    "EventID": 3,
    "Computer": "WORKSTATION01.example.com",
    "RuleName": "NetworkConnect",
    "UtcTime": "2023-01-15 08:25:15.012",
    "ProcessGuid": "{A1B2C3D4-E5F6-7890-A1B2-C3D4E5F67890}",
    "ProcessId": "0x7655",
    "Image": "C:\\Users\\jsmith\\AppData\\Local\\Temp\\malware.exe",
    "User": "EXAMPLE\\jsmith",
    "Protocol": "tcp",
    "Initiated": "true",
    "SourceIsIpv6": "false",
    "SourceIp": "192.168.1.100",
    "SourceHostname": "WORKSTATION01.example.com",
    "SourcePort": "49123",
    "SourcePortName": "",
    "DestinationIsIpv6": "false",
    "DestinationIp": "203.0.113.100",
    "DestinationHostname": "",
    "DestinationPort": "4444",
    "DestinationPortName": ""
  }
]